<html>
<head>
<title>TestNG:  Command line test</title>
<link href="../testng.css" rel="stylesheet" type="text/css" />
<link href="../my-testng.css" rel="stylesheet" type="text/css" />

<style type="text/css">
.log { display: none;} 
.stack-trace { display: none;} 
</style>
<script type="text/javascript">
<!--
function flip(e) {
  current = e.style.display;
  if (current == 'block') {
    e.style.display = 'none';
    return 0;
  }
  else {
    e.style.display = 'block';
    return 1;
  }
}

function toggleBox(szDivId, elem, msg1, msg2)
{
  var res = -1;  if (document.getElementById) {
    res = flip(document.getElementById(szDivId));
  }
  else if (document.all) {
    // this is the way old msie versions work
    res = flip(document.all[szDivId]);
  }
  if(elem) {
    if(res == 0) elem.innerHTML = msg1; else elem.innerHTML = msg2;
  }

}

function toggleAllBoxes() {
  if (document.getElementsByTagName) {
    d = document.getElementsByTagName('div');
    for (i = 0; i < d.length; i++) {
      if (d[i].className == 'log') {
        flip(d[i]);
      }
    }
  }
}

// -->
</script>

</head>
<body>
<h2 align='center'>Command line test</h2><table border='1' align="center">
<tr>
<td>Tests passed/Failed/Skipped:</td><td>5/2/0</td>
</tr><tr>
<td>Started on:</td><td>Tue Oct 04 15:46:08 CDT 2016</td>
</tr>
<tr><td>Total time:</td><td>375 seconds (375652 ms)</td>
</tr><tr>
<td>Included groups:</td><td></td>
</tr><tr>
<td>Excluded groups:</td><td></td>
</tr>
</table><p/>
<small><i>(Hover the method name to see the test class name)</i></small><p/>
<table width='100%' border='1' class='invocation-failed'>
<tr><td colspan='4' align='center'><b>FAILED TESTS</b></td></tr>
<tr><td><b>Test method</b></td>
<td width="30%"><b>Exception</b></td>
<td width="10%"><b>Time (seconds)</b></td>
<td><b>Instance</b></td>
</tr>
<tr>
<td title='CreditCardTest.CreditCardTest.app_gmailAccountTest()'><b>app_gmailAccountTest</b><br>Test class: CreditCardTest.CreditCardTest</td>
<td><div><pre>java.lang.AssertionError: the account did not have a tag. expected [true] but found [false]
	at CreditCardTest.CreditCardTest.app_gmailAccountTest(CreditCardTest.java:39)
... Removed 38 stack frames</pre></div><a href='#' onClick='toggleBox("stack-trace357949042", this, "Click to show all stack frames", "Click to hide stack frames")'>Click to show all stack frames</a>
<div class='stack-trace' id='stack-trace357949042'><pre>java.lang.AssertionError: the account did not have a tag. expected [true] but found [false]
	at org.testng.Assert.fail(Assert.java:94)
	at org.testng.Assert.failNotEquals(Assert.java:496)
	at org.testng.Assert.assertEquals(Assert.java:125)
	at org.testng.Assert.assertEquals(Assert.java:288)
	at CreditCardTest.CreditCardTest.app_gmailAccountTest(CreditCardTest.java:39)
	at sun.reflect.NativeMethodAccessorImpl.invoke0(Native Method)
	at sun.reflect.NativeMethodAccessorImpl.invoke(NativeMethodAccessorImpl.java:57)
	at sun.reflect.DelegatingMethodAccessorImpl.invoke(DelegatingMethodAccessorImpl.java:43)
	at java.lang.reflect.Method.invoke(Method.java:606)
	at org.testng.internal.MethodInvocationHelper.invokeMethod(MethodInvocationHelper.java:85)
	at org.testng.internal.Invoker.invokeMethod(Invoker.java:639)
	at org.testng.internal.Invoker.invokeTestMethod(Invoker.java:821)
	at org.testng.internal.Invoker.invokeTestMethods(Invoker.java:1131)
	at org.testng.internal.TestMethodWorker.invokeTestMethods(TestMethodWorker.java:124)
	at org.testng.internal.TestMethodWorker.run(TestMethodWorker.java:108)
	at org.testng.TestRunner.privateRun(TestRunner.java:773)
	at org.testng.TestRunner.run(TestRunner.java:623)
	at org.testng.SuiteRunner.runTest(SuiteRunner.java:357)
	at org.testng.SuiteRunner.runSequentially(SuiteRunner.java:352)
	at org.testng.SuiteRunner.privateRun(SuiteRunner.java:310)
	at org.testng.SuiteRunner.run(SuiteRunner.java:259)
	at org.testng.SuiteRunnerWorker.runSuite(SuiteRunnerWorker.java:52)
	at org.testng.SuiteRunnerWorker.run(SuiteRunnerWorker.java:86)
	at org.testng.TestNG.runSuitesSequentially(TestNG.java:1185)
	at org.testng.TestNG.runSuitesLocally(TestNG.java:1110)
	at org.testng.TestNG.run(TestNG.java:1018)
	at org.apache.maven.surefire.testng.TestNGExecutor.run(TestNGExecutor.java:77)
	at org.apache.maven.surefire.testng.TestNGDirectoryTestSuite.executeMulti(TestNGDirectoryTestSuite.java:159)
	at org.apache.maven.surefire.testng.TestNGDirectoryTestSuite.execute(TestNGDirectoryTestSuite.java:99)
	at org.apache.maven.surefire.testng.TestNGProvider.invoke(TestNGProvider.java:106)
	at sun.reflect.NativeMethodAccessorImpl.invoke0(Native Method)
	at sun.reflect.NativeMethodAccessorImpl.invoke(NativeMethodAccessorImpl.java:57)
	at sun.reflect.DelegatingMethodAccessorImpl.invoke(DelegatingMethodAccessorImpl.java:43)
	at java.lang.reflect.Method.invoke(Method.java:606)
	at org.apache.maven.surefire.util.ReflectionUtils.invokeMethodWithArray(ReflectionUtils.java:189)
	at org.apache.maven.surefire.booter.ProviderFactory$ProviderProxy.invoke(ProviderFactory.java:165)
	at org.apache.maven.surefire.booter.ProviderFactory.invokeProvider(ProviderFactory.java:85)
	at org.apache.maven.surefire.booter.ForkedBooter.runSuitesInProcess(ForkedBooter.java:115)
	at org.apache.maven.surefire.booter.ForkedBooter.main(ForkedBooter.java:75)
</pre></div></td>
<td>17</td>
<td>CreditCardTest.CreditCardTest@33aac3c</td></tr>
<tr>
<td title='loginTest.bAppTest.bingSearchTest1()'><b>bingSearchTest1</b><br>Test class: loginTest.bAppTest<br/>
<a href="#Output-1400420845" onClick='toggleBox("Output-1400420845", this, "Show output", "Hide output");'>Show output</a>

<a href="#Output-1400420845" onClick="toggleAllBoxes();">Show all outputs</a>
<div class='log' id="Output-1400420845">
Test for Books <br/>
validate Search Field <br/>
validate Search Button<br/>
</div>
</td>
<td><div><pre>java.lang.AssertionError: expected [true] but found [false]
	at loginTest.bAppTest.bingSearchTest1(bAppTest.java:60)
... Removed 39 stack frames</pre></div><a href='#' onClick='toggleBox("stack-trace1400420845", this, "Click to show all stack frames", "Click to hide stack frames")'>Click to show all stack frames</a>
<div class='stack-trace' id='stack-trace1400420845'><pre>java.lang.AssertionError: expected [true] but found [false]
	at org.testng.Assert.fail(Assert.java:94)
	at org.testng.Assert.failNotEquals(Assert.java:496)
	at org.testng.Assert.assertEquals(Assert.java:125)
	at org.testng.Assert.assertEquals(Assert.java:288)
	at org.testng.Assert.assertEquals(Assert.java:298)
	at loginTest.bAppTest.bingSearchTest1(bAppTest.java:60)
	at sun.reflect.NativeMethodAccessorImpl.invoke0(Native Method)
	at sun.reflect.NativeMethodAccessorImpl.invoke(NativeMethodAccessorImpl.java:57)
	at sun.reflect.DelegatingMethodAccessorImpl.invoke(DelegatingMethodAccessorImpl.java:43)
	at java.lang.reflect.Method.invoke(Method.java:606)
	at org.testng.internal.MethodInvocationHelper.invokeMethod(MethodInvocationHelper.java:85)
	at org.testng.internal.Invoker.invokeMethod(Invoker.java:639)
	at org.testng.internal.Invoker.invokeTestMethod(Invoker.java:821)
	at org.testng.internal.Invoker.invokeTestMethods(Invoker.java:1131)
	at org.testng.internal.TestMethodWorker.invokeTestMethods(TestMethodWorker.java:124)
	at org.testng.internal.TestMethodWorker.run(TestMethodWorker.java:108)
	at org.testng.TestRunner.privateRun(TestRunner.java:773)
	at org.testng.TestRunner.run(TestRunner.java:623)
	at org.testng.SuiteRunner.runTest(SuiteRunner.java:357)
	at org.testng.SuiteRunner.runSequentially(SuiteRunner.java:352)
	at org.testng.SuiteRunner.privateRun(SuiteRunner.java:310)
	at org.testng.SuiteRunner.run(SuiteRunner.java:259)
	at org.testng.SuiteRunnerWorker.runSuite(SuiteRunnerWorker.java:52)
	at org.testng.SuiteRunnerWorker.run(SuiteRunnerWorker.java:86)
	at org.testng.TestNG.runSuitesSequentially(TestNG.java:1185)
	at org.testng.TestNG.runSuitesLocally(TestNG.java:1110)
	at org.testng.TestNG.run(TestNG.java:1018)
	at org.apache.maven.surefire.testng.TestNGExecutor.run(TestNGExecutor.java:77)
	at org.apache.maven.surefire.testng.TestNGDirectoryTestSuite.executeMulti(TestNGDirectoryTestSuite.java:159)
	at org.apache.maven.surefire.testng.TestNGDirectoryTestSuite.execute(TestNGDirectoryTestSuite.java:99)
	at org.apache.maven.surefire.testng.TestNGProvider.invoke(TestNGProvider.java:106)
	at sun.reflect.NativeMethodAccessorImpl.invoke0(Native Method)
	at sun.reflect.NativeMethodAccessorImpl.invoke(NativeMethodAccessorImpl.java:57)
	at sun.reflect.DelegatingMethodAccessorImpl.invoke(DelegatingMethodAccessorImpl.java:43)
	at java.lang.reflect.Method.invoke(Method.java:606)
	at org.apache.maven.surefire.util.ReflectionUtils.invokeMethodWithArray(ReflectionUtils.java:189)
	at org.apache.maven.surefire.booter.ProviderFactory$ProviderProxy.invoke(ProviderFactory.java:165)
	at org.apache.maven.surefire.booter.ProviderFactory.invokeProvider(ProviderFactory.java:85)
	at org.apache.maven.surefire.booter.ForkedBooter.runSuitesInProcess(ForkedBooter.java:115)
	at org.apache.maven.surefire.booter.ForkedBooter.main(ForkedBooter.java:75)
</pre></div></td>
<td>9</td>
<td>loginTest.bAppTest@5bc5dc73</td></tr>
</table><p>
<table width='100%' border='1' class='invocation-passed'>
<tr><td colspan='4' align='center'><b>PASSED TESTS</b></td></tr>
<tr><td><b>Test method</b></td>
<td width="30%"><b>Exception</b></td>
<td width="10%"><b>Time (seconds)</b></td>
<td><b>Instance</b></td>
</tr>
<tr>
<td title='CreditCardTest.CreditCardTest.app_Test()'><b>app_Test</b><br>Test class: CreditCardTest.CreditCardTest</td>
<td></td>
<td>14</td>
<td>CreditCardTest.CreditCardTest@33aac3c</td></tr>
<tr>
<td title='loginTest.loginTest.app_Test()'><b>app_Test</b><br>Test class: loginTest.loginTest</td>
<td></td>
<td>12</td>
<td>loginTest.loginTest@51133980</td></tr>
<tr>
<td title='loginTest.loginTest.app_gmailAccountTest()'><b>app_gmailAccountTest</b><br>Test class: loginTest.loginTest</td>
<td></td>
<td>15</td>
<td>loginTest.loginTest@51133980</td></tr>
<tr>
<td title='loginTest.cAppTest.bingSearchTest2()'><b>bingSearchTest2</b><br>Test class: loginTest.cAppTest<br/>
<a href="#Output-1634346773" onClick='toggleBox("Output-1634346773", this, "Show output", "Hide output");'>Show output</a>

<a href="#Output-1634346773" onClick="toggleAllBoxes();">Show all outputs</a>
<div class='log' id="Output-1634346773">
validate Search Field <br/>
validate Search Button<br/>
</div>
</td>
<td></td>
<td>14</td>
<td>loginTest.cAppTest@25956b11</td></tr>
<tr>
<td title='loginTest.eLoginPageTest.parameterTestData()'><b>parameterTestData</b><br>Test class: loginTest.eLoginPageTest<br/>
<a href="#Output-1775821708" onClick='toggleBox("Output-1775821708", this, "Show output", "Hide output");'>Show output</a>

<a href="#Output-1775821708" onClick="toggleAllBoxes();">Show all outputs</a>
<div class='log' id="Output-1775821708">
validate Search Field <br/>
validate Search Button<br/>
andoh.samuel@gmail.comThis Test Data is NOT correct <br/>
validate Search Field <br/>
validate Search Button<br/>
sammy27gh@yahoo.comThis Test Data is NOT correct <br/>
validate Search Field <br/>
validate Search Button<br/>
andoh.samuel@gmail.comThis Test Data is NOT correct <br/>
validate Search Field <br/>
validate Search Button<br/>
sammy27gh@yahoo.comThis Test Data is NOT correct <br/>
validate Search Field <br/>
validate Search Button<br/>
yellow@gmail.comThis Test Data is NOT correct <br/>
validate Search Field <br/>
validate Search Button<br/>
fellow@gmail.comThis Test Data is NOT correct <br/>
validate Search Field <br/>
validate Search Button<br/>
twice@gmail.comThis Test Data is NOT correct <br/>
validate Search Field <br/>
validate Search Button<br/>
kwoao@gmail.comThis Test Data is NOT correct <br/>
validate Search Field <br/>
validate Search Button<br/>
illigal@gmail.comThis Test Data is NOT correct <br/>
validate Search Field <br/>
validate Search Button<br/>
frank@gmail.comThis Test Data is NOT correct <br/>
validate Search Field <br/>
validate Search Button<br/>
andoh.samuel@gmail.comThis Test Data is NOT correct <br/>
validate Search Field <br/>
validate Search Button<br/>
sammy27gh@yahoo.comThis Test Data is NOT correct <br/>
validate Search Field <br/>
validate Search Button<br/>
andoh.samuel@gmail.comThis Test Data is NOT correct <br/>
validate Search Field <br/>
validate Search Button<br/>
sammy27gh@yahoo.comThis Test Data is NOT correct <br/>
</div>
</td>
<td></td>
<td>274</td>
<td>loginTest.eLoginPageTest@74a83c5d</td></tr>
</table><p>
</body>
</html>