<?xml version="1.0" encoding="UTF-8" ?>
<testsuite failures="2" time="356.88" errors="0" skipped="0" tests="7" name="TestSuite">
  <properties>
    <property name="java.runtime.name" value="Java(TM) SE Runtime Environment"/>
    <property name="sun.boot.library.path" value="C:\Program Files\Java\jdk1.7.0_79\jre\bin"/>
    <property name="java.vm.version" value="24.79-b02"/>
    <property name="java.vm.vendor" value="Oracle Corporation"/>
    <property name="maven.multiModuleProjectDirectory" value="C:\Users\samuel.samuel-andoh\workspace\eclipse_workspace\CocumberTestApplication"/>
    <property name="java.vendor.url" value="http://java.oracle.com/"/>
    <property name="path.separator" value=";"/>
    <property name="guice.disable.misplaced.annotation.check" value="true"/>
    <property name="java.vm.name" value="Java HotSpot(TM) 64-Bit Server VM"/>
    <property name="file.encoding.pkg" value="sun.io"/>
    <property name="user.script" value=""/>
    <property name="user.country" value="US"/>
    <property name="sun.java.launcher" value="SUN_STANDARD"/>
    <property name="sun.os.patch.level" value=""/>
    <property name="java.vm.specification.name" value="Java Virtual Machine Specification"/>
    <property name="user.dir" value="C:\Users\samuel.samuel-andoh\workspace\eclipse_workspace\CocumberTestApplication"/>
    <property name="java.runtime.version" value="1.7.0_79-b15"/>
    <property name="java.awt.graphicsenv" value="sun.awt.Win32GraphicsEnvironment"/>
    <property name="java.endorsed.dirs" value="C:\Program Files\Java\jdk1.7.0_79\jre\lib\endorsed"/>
    <property name="os.arch" value="amd64"/>
    <property name="java.io.tmpdir" value="C:\Users\SAMUEL~1.SAM\AppData\Local\Temp\"/>
    <property name="line.separator" value="
"/>
    <property name="java.vm.specification.vendor" value="Oracle Corporation"/>
    <property name="user.variant" value=""/>
    <property name="os.name" value="Windows 8.1"/>
    <property name="classworlds.conf" value="C:\Users\samuel.samuel-andoh\workspace\eclipse_workspace\.metadata\.plugins\org.eclipse.m2e.launching\launches\m2conf6894288482470882872.tmp"/>
    <property name="sun.jnu.encoding" value="Cp1252"/>
    <property name="java.library.path" value="C:\Program Files\Java\jdk1.7.0_79\bin;C:\WINDOWS\Sun\Java\bin;C:\WINDOWS\system32;C:\WINDOWS;C:/Program Files/Java/jre1.8.0_77/bin/server;C:/Program Files/Java/jre1.8.0_77/bin;C:/Program Files/Java/jre1.8.0_77/lib/amd64;C:\ProgramData\Oracle\Java\javapath;C:\WINDOWS\system32;C:\WINDOWS;C:\WINDOWS\System32\Wbem;C:\WINDOWS\System32\WindowsPowerShell\v1.0\;C:\Program Files\Intel\WiFi\bin\;C:\Program Files\Common Files\Intel\WirelessCommon\;C:\Program Files\Microsoft SQL Server\120\Tools\Binn\;C:\Program Files\Microsoft SQL Server\Client SDK\ODBC\110\Tools\Binn\;C:\Program Files (x86)\Microsoft SQL Server\120\Tools\Binn\;C:\Program Files\Microsoft SQL Server\120\DTS\Binn\;C:\Program Files (x86)\WinTask\Bin;;C:\Program Files (x86)\File Viewer Lite\lib\magick;C:\Program Files (x86)\Skype\Phone\;C:\Program Files\nodejs\;C:\Users\samuel.samuel-andoh\AppData\Local\Microsoft\WindowsApps;C:\Users\samuel.samuel-andoh\AppData\Roaming\npm;C:\Users\samuel.samuel-andoh\Downloads\Android\androidsdk24.4.1\android-sdk-windows\platform-tools;C:\Users\samuel.samuel-andoh\Downloads\Android\androidsdk24.4.1\android-sdk-windows\tools;C:\Users\samuel.samuel-andoh\Desktop;;."/>
    <property name="java.specification.name" value="Java Platform API Specification"/>
    <property name="java.class.version" value="51.0"/>
    <property name="sun.management.compiler" value="HotSpot 64-Bit Tiered Compilers"/>
    <property name="os.version" value="6.3"/>
    <property name="user.home" value="C:\Users\samuel.samuel-andoh"/>
    <property name="user.timezone" value="America/Chicago"/>
    <property name="java.awt.printerjob" value="sun.awt.windows.WPrinterJob"/>
    <property name="java.specification.version" value="1.7"/>
    <property name="file.encoding" value="Cp1252"/>
    <property name="user.name" value="samuel"/>
    <property name="java.class.path" value="/C:/Users/samuel.samuel-andoh/eclipse/jee-mars/eclipse/../../../.p2/pool/plugins/org.eclipse.m2e.maven.runtime_1.6.2.20150902-0001/jars/plexus-classworlds-2.5.2.jar"/>
    <property name="java.vm.specification.version" value="1.7"/>
    <property name="sun.arch.data.model" value="64"/>
    <property name="java.home" value="C:\Program Files\Java\jdk1.7.0_79\jre"/>
    <property name="sun.java.command" value="org.codehaus.plexus.classworlds.launcher.Launcher -B test"/>
    <property name="java.specification.vendor" value="Oracle Corporation"/>
    <property name="user.language" value="en"/>
    <property name="awt.toolkit" value="sun.awt.windows.WToolkit"/>
    <property name="java.vm.info" value="mixed mode"/>
    <property name="java.version" value="1.7.0_79"/>
    <property name="java.ext.dirs" value="C:\Program Files\Java\jdk1.7.0_79\jre\lib\ext;C:\WINDOWS\Sun\Java\lib\ext"/>
    <property name="sun.boot.class.path" value="C:\Program Files\Java\jdk1.7.0_79\jre\lib\resources.jar;C:\Program Files\Java\jdk1.7.0_79\jre\lib\rt.jar;C:\Program Files\Java\jdk1.7.0_79\jre\lib\sunrsasign.jar;C:\Program Files\Java\jdk1.7.0_79\jre\lib\jsse.jar;C:\Program Files\Java\jdk1.7.0_79\jre\lib\jce.jar;C:\Program Files\Java\jdk1.7.0_79\jre\lib\charsets.jar;C:\Program Files\Java\jdk1.7.0_79\jre\lib\jfr.jar;C:\Program Files\Java\jdk1.7.0_79\jre\classes"/>
    <property name="java.vendor" value="Oracle Corporation"/>
    <property name="maven.home" value="C:\Users\samuel.samuel-andoh\workspace\eclipse_workspace\CocumberTestApplication\EMBEDDED"/>
    <property name="file.separator" value="\"/>
    <property name="java.vendor.url.bug" value="http://bugreport.sun.com/bugreport/"/>
    <property name="sun.cpu.endian" value="little"/>
    <property name="sun.io.unicode.encoding" value="UnicodeLittle"/>
    <property name="sun.desktop" value="windows"/>
    <property name="sun.cpu.isalist" value="amd64"/>
  </properties>
  <testcase time="14.43" classname="CreditCardTest.CreditCardTest" name="app_Test"/>
  <testcase time="17.279" classname="CreditCardTest.CreditCardTest" name="app_gmailAccountTest">
    <failure message="the account did not have a tag. expected [true] but found [false]" type="java.lang.AssertionError">java.lang.AssertionError: the account did not have a tag. expected [true] but found [false]
	at org.testng.Assert.fail(Assert.java:94)
	at org.testng.Assert.failNotEquals(Assert.java:496)
	at org.testng.Assert.assertEquals(Assert.java:125)
	at org.testng.Assert.assertEquals(Assert.java:288)
	at CreditCardTest.CreditCardTest.app_gmailAccountTest(CreditCardTest.java:39)
</failure>
    <system-err>Oct 04, 2016 3:46:42 PM com.gargoylesoftware.htmlunit.html.InputElementFactory createElementNS
INFO: Bad input type: &quot;email&quot;, creating a text input
Oct 04, 2016 3:46:44 PM com.gargoylesoftware.htmlunit.DefaultCssErrorHandler error
WARNING: CSS error: &apos;https://cdn.sstatic.net/Sites/stackoverflow/all.css?v=5a033270afbb&apos; [1:64499] Error in expression. (Invalid token &quot; &quot;. Was expecting one of: &lt;NUMBER&gt;, &quot;inherit&quot;, &lt;IDENT&gt;, &lt;STRING&gt;, &lt;HASH&gt;, &lt;EMS&gt;, &lt;EXS&gt;, &lt;LENGTH_PX&gt;, &lt;LENGTH_CM&gt;, &lt;LENGTH_MM&gt;, &lt;LENGTH_IN&gt;, &lt;LENGTH_PT&gt;, &lt;LENGTH_PC&gt;, &lt;ANGLE_DEG&gt;, &lt;ANGLE_RAD&gt;, &lt;ANGLE_GRAD&gt;, &lt;TIME_MS&gt;, &lt;TIME_S&gt;, &lt;FREQ_HZ&gt;, &lt;FREQ_KHZ&gt;, &lt;RESOLUTION_DPI&gt;, &lt;RESOLUTION_DPCM&gt;, &lt;PERCENTAGE&gt;, &lt;DIMENSION&gt;, &lt;URI&gt;, &lt;FUNCTION&gt;.)
Oct 04, 2016 3:46:44 PM com.gargoylesoftware.htmlunit.DefaultCssErrorHandler error
WARNING: CSS error: &apos;https://cdn.sstatic.net/Sites/stackoverflow/all.css?v=5a033270afbb&apos; [1:84673] Error in style rule. (Invalid token &quot;!&quot;. Was expecting one of: &lt;EOF&gt;, &lt;S&gt;, &lt;NUMBER&gt;, &quot;inherit&quot;, &lt;IDENT&gt;, &lt;STRING&gt;, &quot;}&quot;, &quot;;&quot;, &quot;/&quot;, &quot;-&quot;, &lt;PLUS&gt;, &lt;COMMA&gt;, &lt;HASH&gt;, &lt;IMPORTANT_SYM&gt;, &lt;EMS&gt;, &lt;EXS&gt;, &lt;LENGTH_PX&gt;, &lt;LENGTH_CM&gt;, &lt;LENGTH_MM&gt;, &lt;LENGTH_IN&gt;, &lt;LENGTH_PT&gt;, &lt;LENGTH_PC&gt;, &lt;ANGLE_DEG&gt;, &lt;ANGLE_RAD&gt;, &lt;ANGLE_GRAD&gt;, &lt;TIME_MS&gt;, &lt;TIME_S&gt;, &lt;FREQ_HZ&gt;, &lt;FREQ_KHZ&gt;, &lt;RESOLUTION_DPI&gt;, &lt;RESOLUTION_DPCM&gt;, &lt;PERCENTAGE&gt;, &lt;DIMENSION&gt;, &lt;URI&gt;, &lt;FUNCTION&gt;.)
Oct 04, 2016 3:46:44 PM com.gargoylesoftware.htmlunit.DefaultCssErrorHandler warning
WARNING: CSS warning: &apos;https://cdn.sstatic.net/Sites/stackoverflow/all.css?v=5a033270afbb&apos; [1:84673] Ignoring the following declarations in this rule.
Oct 04, 2016 3:46:44 PM com.gargoylesoftware.htmlunit.DefaultCssErrorHandler error
WARNING: CSS error: &apos;https://cdn.sstatic.net/Sites/stackoverflow/all.css?v=5a033270afbb&apos; [1:88587] Error in expression. (Invalid token &quot; &quot;. Was expecting one of: &lt;NUMBER&gt;, &quot;inherit&quot;, &lt;IDENT&gt;, &lt;STRING&gt;, &lt;HASH&gt;, &lt;EMS&gt;, &lt;EXS&gt;, &lt;LENGTH_PX&gt;, &lt;LENGTH_CM&gt;, &lt;LENGTH_MM&gt;, &lt;LENGTH_IN&gt;, &lt;LENGTH_PT&gt;, &lt;LENGTH_PC&gt;, &lt;ANGLE_DEG&gt;, &lt;ANGLE_RAD&gt;, &lt;ANGLE_GRAD&gt;, &lt;TIME_MS&gt;, &lt;TIME_S&gt;, &lt;FREQ_HZ&gt;, &lt;FREQ_KHZ&gt;, &lt;RESOLUTION_DPI&gt;, &lt;RESOLUTION_DPCM&gt;, &lt;PERCENTAGE&gt;, &lt;DIMENSION&gt;, &lt;URI&gt;, &lt;FUNCTION&gt;.)
Oct 04, 2016 3:46:45 PM com.gargoylesoftware.htmlunit.DefaultCssErrorHandler error
WARNING: CSS error: &apos;https://cdn.sstatic.net/Sites/stackoverflow/all.css?v=5a033270afbb&apos; [1:128562] Error in expression. (Invalid token &quot; &quot;. Was expecting one of: &lt;NUMBER&gt;, &quot;inherit&quot;, &lt;IDENT&gt;, &lt;STRING&gt;, &lt;HASH&gt;, &lt;EMS&gt;, &lt;EXS&gt;, &lt;LENGTH_PX&gt;, &lt;LENGTH_CM&gt;, &lt;LENGTH_MM&gt;, &lt;LENGTH_IN&gt;, &lt;LENGTH_PT&gt;, &lt;LENGTH_PC&gt;, &lt;ANGLE_DEG&gt;, &lt;ANGLE_RAD&gt;, &lt;ANGLE_GRAD&gt;, &lt;TIME_MS&gt;, &lt;TIME_S&gt;, &lt;FREQ_HZ&gt;, &lt;FREQ_KHZ&gt;, &lt;RESOLUTION_DPI&gt;, &lt;RESOLUTION_DPCM&gt;, &lt;PERCENTAGE&gt;, &lt;DIMENSION&gt;, &lt;URI&gt;, &lt;FUNCTION&gt;.)
Oct 04, 2016 3:46:45 PM com.gargoylesoftware.htmlunit.DefaultCssErrorHandler error
WARNING: CSS error: &apos;https://cdn.sstatic.net/Sites/stackoverflow/all.css?v=5a033270afbb&apos; [1:147466] Error in expression. (Invalid token &quot;(&quot;. Was expecting one of: &lt;S&gt;, &lt;NUMBER&gt;, &quot;inherit&quot;, &lt;IDENT&gt;, &lt;STRING&gt;, &quot;)&quot;, &quot;-&quot;, &lt;PLUS&gt;, &lt;HASH&gt;, &lt;EMS&gt;, &lt;EXS&gt;, &lt;LENGTH_PX&gt;, &lt;LENGTH_CM&gt;, &lt;LENGTH_MM&gt;, &lt;LENGTH_IN&gt;, &lt;LENGTH_PT&gt;, &lt;LENGTH_PC&gt;, &lt;ANGLE_DEG&gt;, &lt;ANGLE_RAD&gt;, &lt;ANGLE_GRAD&gt;, &lt;TIME_MS&gt;, &lt;TIME_S&gt;, &lt;FREQ_HZ&gt;, &lt;FREQ_KHZ&gt;, &lt;RESOLUTION_DPI&gt;, &lt;RESOLUTION_DPCM&gt;, &lt;PERCENTAGE&gt;, &lt;DIMENSION&gt;, &lt;URI&gt;, &lt;FUNCTION&gt;.)
Oct 04, 2016 3:46:45 PM com.gargoylesoftware.htmlunit.DefaultCssErrorHandler error
WARNING: CSS error: &apos;https://cdn.sstatic.net/Sites/stackoverflow/all.css?v=5a033270afbb&apos; [1:147741] Error in expression. (Invalid token &quot; &quot;. Was expecting one of: &lt;NUMBER&gt;, &quot;inherit&quot;, &lt;IDENT&gt;, &lt;STRING&gt;, &lt;HASH&gt;, &lt;EMS&gt;, &lt;EXS&gt;, &lt;LENGTH_PX&gt;, &lt;LENGTH_CM&gt;, &lt;LENGTH_MM&gt;, &lt;LENGTH_IN&gt;, &lt;LENGTH_PT&gt;, &lt;LENGTH_PC&gt;, &lt;ANGLE_DEG&gt;, &lt;ANGLE_RAD&gt;, &lt;ANGLE_GRAD&gt;, &lt;TIME_MS&gt;, &lt;TIME_S&gt;, &lt;FREQ_HZ&gt;, &lt;FREQ_KHZ&gt;, &lt;RESOLUTION_DPI&gt;, &lt;RESOLUTION_DPCM&gt;, &lt;PERCENTAGE&gt;, &lt;DIMENSION&gt;, &lt;URI&gt;, &lt;FUNCTION&gt;.)
Oct 04, 2016 3:46:45 PM com.gargoylesoftware.htmlunit.DefaultCssErrorHandler error
WARNING: CSS error: &apos;https://cdn.sstatic.net/Sites/stackoverflow/all.css?v=5a033270afbb&apos; [1:158830] Error in declaration. &apos;*&apos; is not allowed as first char of a property.
Oct 04, 2016 3:46:45 PM com.gargoylesoftware.htmlunit.DefaultCssErrorHandler error
WARNING: CSS error: &apos;https://cdn.sstatic.net/Sites/stackoverflow/all.css?v=5a033270afbb&apos; [1:158838] Error in declaration. &apos;*&apos; is not allowed as first char of a property.
Oct 04, 2016 3:46:45 PM com.gargoylesoftware.htmlunit.DefaultCssErrorHandler error
WARNING: CSS error: &apos;https://cdn.sstatic.net/Sites/stackoverflow/all.css?v=5a033270afbb&apos; [1:160857] Error in declaration. &apos;*&apos; is not allowed as first char of a property.
Oct 04, 2016 3:46:45 PM com.gargoylesoftware.htmlunit.DefaultCssErrorHandler error
WARNING: CSS error: &apos;https://cdn.sstatic.net/Sites/stackoverflow/all.css?v=5a033270afbb&apos; [1:236249] Error in expression. (Invalid token &quot; &quot;. Was expecting one of: &lt;NUMBER&gt;, &quot;inherit&quot;, &lt;IDENT&gt;, &lt;STRING&gt;, &lt;HASH&gt;, &lt;EMS&gt;, &lt;EXS&gt;, &lt;LENGTH_PX&gt;, &lt;LENGTH_CM&gt;, &lt;LENGTH_MM&gt;, &lt;LENGTH_IN&gt;, &lt;LENGTH_PT&gt;, &lt;LENGTH_PC&gt;, &lt;ANGLE_DEG&gt;, &lt;ANGLE_RAD&gt;, &lt;ANGLE_GRAD&gt;, &lt;TIME_MS&gt;, &lt;TIME_S&gt;, &lt;FREQ_HZ&gt;, &lt;FREQ_KHZ&gt;, &lt;RESOLUTION_DPI&gt;, &lt;RESOLUTION_DPCM&gt;, &lt;PERCENTAGE&gt;, &lt;DIMENSION&gt;, &lt;URI&gt;, &lt;FUNCTION&gt;.)
Oct 04, 2016 3:46:45 PM com.gargoylesoftware.htmlunit.DefaultCssErrorHandler error
WARNING: CSS error: &apos;https://cdn.sstatic.net/Sites/stackoverflow/all.css?v=5a033270afbb&apos; [1:253048] Error in expression. (Invalid token &quot; &quot;. Was expecting one of: &lt;NUMBER&gt;, &quot;inherit&quot;, &lt;IDENT&gt;, &lt;STRING&gt;, &lt;HASH&gt;, &lt;EMS&gt;, &lt;EXS&gt;, &lt;LENGTH_PX&gt;, &lt;LENGTH_CM&gt;, &lt;LENGTH_MM&gt;, &lt;LENGTH_IN&gt;, &lt;LENGTH_PT&gt;, &lt;LENGTH_PC&gt;, &lt;ANGLE_DEG&gt;, &lt;ANGLE_RAD&gt;, &lt;ANGLE_GRAD&gt;, &lt;TIME_MS&gt;, &lt;TIME_S&gt;, &lt;FREQ_HZ&gt;, &lt;FREQ_KHZ&gt;, &lt;RESOLUTION_DPI&gt;, &lt;RESOLUTION_DPCM&gt;, &lt;PERCENTAGE&gt;, &lt;DIMENSION&gt;, &lt;URI&gt;, &lt;FUNCTION&gt;.)
Oct 04, 2016 3:46:45 PM com.gargoylesoftware.htmlunit.DefaultCssErrorHandler error
WARNING: CSS error: &apos;https://cdn.sstatic.net/Sites/stackoverflow/all.css?v=5a033270afbb&apos; [1:256217] Error in expression. (Invalid token &quot; &quot;. Was expecting one of: &lt;NUMBER&gt;, &quot;inherit&quot;, &lt;IDENT&gt;, &lt;STRING&gt;, &lt;HASH&gt;, &lt;EMS&gt;, &lt;EXS&gt;, &lt;LENGTH_PX&gt;, &lt;LENGTH_CM&gt;, &lt;LENGTH_MM&gt;, &lt;LENGTH_IN&gt;, &lt;LENGTH_PT&gt;, &lt;LENGTH_PC&gt;, &lt;ANGLE_DEG&gt;, &lt;ANGLE_RAD&gt;, &lt;ANGLE_GRAD&gt;, &lt;TIME_MS&gt;, &lt;TIME_S&gt;, &lt;FREQ_HZ&gt;, &lt;FREQ_KHZ&gt;, &lt;RESOLUTION_DPI&gt;, &lt;RESOLUTION_DPCM&gt;, &lt;PERCENTAGE&gt;, &lt;DIMENSION&gt;, &lt;URI&gt;, &lt;FUNCTION&gt;.)
Oct 04, 2016 3:46:46 PM com.gargoylesoftware.htmlunit.DefaultCssErrorHandler error
WARNING: CSS error: &apos;https://cdn.sstatic.net/Sites/stackoverflow/all.css?v=5a033270afbb&apos; [1:288940] Error in expression. (Invalid token &quot; &quot;. Was expecting one of: &lt;NUMBER&gt;, &quot;inherit&quot;, &lt;IDENT&gt;, &lt;STRING&gt;, &lt;HASH&gt;, &lt;EMS&gt;, &lt;EXS&gt;, &lt;LENGTH_PX&gt;, &lt;LENGTH_CM&gt;, &lt;LENGTH_MM&gt;, &lt;LENGTH_IN&gt;, &lt;LENGTH_PT&gt;, &lt;LENGTH_PC&gt;, &lt;ANGLE_DEG&gt;, &lt;ANGLE_RAD&gt;, &lt;ANGLE_GRAD&gt;, &lt;TIME_MS&gt;, &lt;TIME_S&gt;, &lt;FREQ_HZ&gt;, &lt;FREQ_KHZ&gt;, &lt;RESOLUTION_DPI&gt;, &lt;RESOLUTION_DPCM&gt;, &lt;PERCENTAGE&gt;, &lt;DIMENSION&gt;, &lt;URI&gt;, &lt;FUNCTION&gt;.)
Oct 04, 2016 3:46:46 PM com.gargoylesoftware.htmlunit.DefaultCssErrorHandler error
WARNING: CSS error: &apos;https://cdn.sstatic.net/Sites/stackoverflow/all.css?v=5a033270afbb&apos; [1:312824] Error in style rule. (Invalid token &quot;!&quot;. Was expecting one of: &lt;EOF&gt;, &lt;S&gt;, &lt;NUMBER&gt;, &quot;inherit&quot;, &lt;IDENT&gt;, &lt;STRING&gt;, &quot;}&quot;, &quot;;&quot;, &quot;/&quot;, &quot;-&quot;, &lt;PLUS&gt;, &lt;COMMA&gt;, &lt;HASH&gt;, &lt;IMPORTANT_SYM&gt;, &lt;EMS&gt;, &lt;EXS&gt;, &lt;LENGTH_PX&gt;, &lt;LENGTH_CM&gt;, &lt;LENGTH_MM&gt;, &lt;LENGTH_IN&gt;, &lt;LENGTH_PT&gt;, &lt;LENGTH_PC&gt;, &lt;ANGLE_DEG&gt;, &lt;ANGLE_RAD&gt;, &lt;ANGLE_GRAD&gt;, &lt;TIME_MS&gt;, &lt;TIME_S&gt;, &lt;FREQ_HZ&gt;, &lt;FREQ_KHZ&gt;, &lt;RESOLUTION_DPI&gt;, &lt;RESOLUTION_DPCM&gt;, &lt;PERCENTAGE&gt;, &lt;DIMENSION&gt;, &lt;URI&gt;, &lt;FUNCTION&gt;.)
Oct 04, 2016 3:46:46 PM com.gargoylesoftware.htmlunit.DefaultCssErrorHandler warning
WARNING: CSS warning: &apos;https://cdn.sstatic.net/Sites/stackoverflow/all.css?v=5a033270afbb&apos; [1:312824] Ignoring the following declarations in this rule.
Oct 04, 2016 3:46:46 PM com.gargoylesoftware.htmlunit.DefaultCssErrorHandler error
WARNING: CSS error: &apos;https://cdn.sstatic.net/Sites/stackoverflow/all.css?v=5a033270afbb&apos; [1:315454] Error in expression. (Invalid token &quot; &quot;. Was expecting one of: &lt;NUMBER&gt;, &quot;inherit&quot;, &lt;IDENT&gt;, &lt;STRING&gt;, &lt;HASH&gt;, &lt;EMS&gt;, &lt;EXS&gt;, &lt;LENGTH_PX&gt;, &lt;LENGTH_CM&gt;, &lt;LENGTH_MM&gt;, &lt;LENGTH_IN&gt;, &lt;LENGTH_PT&gt;, &lt;LENGTH_PC&gt;, &lt;ANGLE_DEG&gt;, &lt;ANGLE_RAD&gt;, &lt;ANGLE_GRAD&gt;, &lt;TIME_MS&gt;, &lt;TIME_S&gt;, &lt;FREQ_HZ&gt;, &lt;FREQ_KHZ&gt;, &lt;RESOLUTION_DPI&gt;, &lt;RESOLUTION_DPCM&gt;, &lt;PERCENTAGE&gt;, &lt;DIMENSION&gt;, &lt;URI&gt;, &lt;FUNCTION&gt;.)
Oct 04, 2016 3:46:46 PM com.gargoylesoftware.htmlunit.DefaultCssErrorHandler error
WARNING: CSS error: &apos;https://cdn.sstatic.net/Sites/stackoverflow/all.css?v=5a033270afbb&apos; [1:315536] Error in expression. (Invalid token &quot; &quot;. Was expecting one of: &lt;NUMBER&gt;, &quot;inherit&quot;, &lt;IDENT&gt;, &lt;STRING&gt;, &lt;HASH&gt;, &lt;EMS&gt;, &lt;EXS&gt;, &lt;LENGTH_PX&gt;, &lt;LENGTH_CM&gt;, &lt;LENGTH_MM&gt;, &lt;LENGTH_IN&gt;, &lt;LENGTH_PT&gt;, &lt;LENGTH_PC&gt;, &lt;ANGLE_DEG&gt;, &lt;ANGLE_RAD&gt;, &lt;ANGLE_GRAD&gt;, &lt;TIME_MS&gt;, &lt;TIME_S&gt;, &lt;FREQ_HZ&gt;, &lt;FREQ_KHZ&gt;, &lt;RESOLUTION_DPI&gt;, &lt;RESOLUTION_DPCM&gt;, &lt;PERCENTAGE&gt;, &lt;DIMENSION&gt;, &lt;URI&gt;, &lt;FUNCTION&gt;.)
Oct 04, 2016 3:46:46 PM com.gargoylesoftware.htmlunit.DefaultCssErrorHandler error
WARNING: CSS error: &apos;https://cdn.sstatic.net/Sites/stackoverflow/all.css?v=5a033270afbb&apos; [1:315618] Error in expression. (Invalid token &quot; &quot;. Was expecting one of: &lt;NUMBER&gt;, &quot;inherit&quot;, &lt;IDENT&gt;, &lt;STRING&gt;, &lt;HASH&gt;, &lt;EMS&gt;, &lt;EXS&gt;, &lt;LENGTH_PX&gt;, &lt;LENGTH_CM&gt;, &lt;LENGTH_MM&gt;, &lt;LENGTH_IN&gt;, &lt;LENGTH_PT&gt;, &lt;LENGTH_PC&gt;, &lt;ANGLE_DEG&gt;, &lt;ANGLE_RAD&gt;, &lt;ANGLE_GRAD&gt;, &lt;TIME_MS&gt;, &lt;TIME_S&gt;, &lt;FREQ_HZ&gt;, &lt;FREQ_KHZ&gt;, &lt;RESOLUTION_DPI&gt;, &lt;RESOLUTION_DPCM&gt;, &lt;PERCENTAGE&gt;, &lt;DIMENSION&gt;, &lt;URI&gt;, &lt;FUNCTION&gt;.)
Oct 04, 2016 3:46:46 PM com.gargoylesoftware.htmlunit.DefaultCssErrorHandler error
WARNING: CSS error: &apos;https://cdn.sstatic.net/Sites/stackoverflow/all.css?v=5a033270afbb&apos; [1:342172] Error in class selector. (Invalid token &quot;only&quot;. Was expecting: &lt;IDENT&gt;.)
Oct 04, 2016 3:46:46 PM com.gargoylesoftware.htmlunit.DefaultCssErrorHandler warning
WARNING: CSS warning: &apos;https://cdn.sstatic.net/Sites/stackoverflow/all.css?v=5a033270afbb&apos; [1:342172] Ignoring the whole rule.
Oct 04, 2016 3:46:46 PM com.gargoylesoftware.htmlunit.DefaultCssErrorHandler error
WARNING: CSS error: &apos;https://cdn.sstatic.net/Sites/stackoverflow/all.css?v=5a033270afbb&apos; [1:342458] Error in class selector. (Invalid token &quot;only&quot;. Was expecting: &lt;IDENT&gt;.)
Oct 04, 2016 3:46:46 PM com.gargoylesoftware.htmlunit.DefaultCssErrorHandler warning
WARNING: CSS warning: &apos;https://cdn.sstatic.net/Sites/stackoverflow/all.css?v=5a033270afbb&apos; [1:342458] Ignoring the whole rule.
Oct 04, 2016 3:46:46 PM com.gargoylesoftware.htmlunit.DefaultCssErrorHandler error
WARNING: CSS error: &apos;https://cdn.sstatic.net/Sites/stackoverflow/all.css?v=5a033270afbb&apos; [1:347467] Error in expression. (Invalid token &quot; &quot;. Was expecting one of: &lt;NUMBER&gt;, &quot;inherit&quot;, &lt;IDENT&gt;, &lt;STRING&gt;, &lt;HASH&gt;, &lt;EMS&gt;, &lt;EXS&gt;, &lt;LENGTH_PX&gt;, &lt;LENGTH_CM&gt;, &lt;LENGTH_MM&gt;, &lt;LENGTH_IN&gt;, &lt;LENGTH_PT&gt;, &lt;LENGTH_PC&gt;, &lt;ANGLE_DEG&gt;, &lt;ANGLE_RAD&gt;, &lt;ANGLE_GRAD&gt;, &lt;TIME_MS&gt;, &lt;TIME_S&gt;, &lt;FREQ_HZ&gt;, &lt;FREQ_KHZ&gt;, &lt;RESOLUTION_DPI&gt;, &lt;RESOLUTION_DPCM&gt;, &lt;PERCENTAGE&gt;, &lt;DIMENSION&gt;, &lt;URI&gt;, &lt;FUNCTION&gt;.)
Oct 04, 2016 3:46:46 PM com.gargoylesoftware.htmlunit.DefaultCssErrorHandler error
WARNING: CSS error: &apos;https://cdn.sstatic.net/Sites/stackoverflow/all.css?v=5a033270afbb&apos; [1:378234] Error in expression. (Invalid token &quot;(&quot;. Was expecting one of: &lt;S&gt;, &lt;NUMBER&gt;, &quot;inherit&quot;, &lt;IDENT&gt;, &lt;STRING&gt;, &quot;)&quot;, &quot;-&quot;, &lt;PLUS&gt;, &lt;HASH&gt;, &lt;EMS&gt;, &lt;EXS&gt;, &lt;LENGTH_PX&gt;, &lt;LENGTH_CM&gt;, &lt;LENGTH_MM&gt;, &lt;LENGTH_IN&gt;, &lt;LENGTH_PT&gt;, &lt;LENGTH_PC&gt;, &lt;ANGLE_DEG&gt;, &lt;ANGLE_RAD&gt;, &lt;ANGLE_GRAD&gt;, &lt;TIME_MS&gt;, &lt;TIME_S&gt;, &lt;FREQ_HZ&gt;, &lt;FREQ_KHZ&gt;, &lt;RESOLUTION_DPI&gt;, &lt;RESOLUTION_DPCM&gt;, &lt;PERCENTAGE&gt;, &lt;DIMENSION&gt;, &lt;URI&gt;, &lt;FUNCTION&gt;.)
Oct 04, 2016 3:46:46 PM com.gargoylesoftware.htmlunit.DefaultCssErrorHandler error
WARNING: CSS error: &apos;https://cdn.sstatic.net/Sites/stackoverflow/all.css?v=5a033270afbb&apos; [1:381562] Error in expression. (Invalid token &quot;(&quot;. Was expecting one of: &lt;S&gt;, &lt;NUMBER&gt;, &quot;inherit&quot;, &lt;IDENT&gt;, &lt;STRING&gt;, &quot;)&quot;, &quot;-&quot;, &lt;PLUS&gt;, &lt;HASH&gt;, &lt;EMS&gt;, &lt;EXS&gt;, &lt;LENGTH_PX&gt;, &lt;LENGTH_CM&gt;, &lt;LENGTH_MM&gt;, &lt;LENGTH_IN&gt;, &lt;LENGTH_PT&gt;, &lt;LENGTH_PC&gt;, &lt;ANGLE_DEG&gt;, &lt;ANGLE_RAD&gt;, &lt;ANGLE_GRAD&gt;, &lt;TIME_MS&gt;, &lt;TIME_S&gt;, &lt;FREQ_HZ&gt;, &lt;FREQ_KHZ&gt;, &lt;RESOLUTION_DPI&gt;, &lt;RESOLUTION_DPCM&gt;, &lt;PERCENTAGE&gt;, &lt;DIMENSION&gt;, &lt;URI&gt;, &lt;FUNCTION&gt;.)
Oct 04, 2016 3:46:46 PM com.gargoylesoftware.htmlunit.DefaultCssErrorHandler error
WARNING: CSS error: &apos;https://cdn.sstatic.net/Sites/stackoverflow/all.css?v=5a033270afbb&apos; [1:395320] Error in expression. (Invalid token &quot; &quot;. Was expecting one of: &lt;NUMBER&gt;, &quot;inherit&quot;, &lt;IDENT&gt;, &lt;STRING&gt;, &lt;HASH&gt;, &lt;EMS&gt;, &lt;EXS&gt;, &lt;LENGTH_PX&gt;, &lt;LENGTH_CM&gt;, &lt;LENGTH_MM&gt;, &lt;LENGTH_IN&gt;, &lt;LENGTH_PT&gt;, &lt;LENGTH_PC&gt;, &lt;ANGLE_DEG&gt;, &lt;ANGLE_RAD&gt;, &lt;ANGLE_GRAD&gt;, &lt;TIME_MS&gt;, &lt;TIME_S&gt;, &lt;FREQ_HZ&gt;, &lt;FREQ_KHZ&gt;, &lt;RESOLUTION_DPI&gt;, &lt;RESOLUTION_DPCM&gt;, &lt;PERCENTAGE&gt;, &lt;DIMENSION&gt;, &lt;URI&gt;, &lt;FUNCTION&gt;.)
</system-err>
  </testcase>
  <testcase time="9.261" classname="loginTest.bAppTest" name="bingSearchTest1">
    <failure message="expected [true] but found [false]" type="java.lang.AssertionError">java.lang.AssertionError: expected [true] but found [false]
	at org.testng.Assert.fail(Assert.java:94)
	at org.testng.Assert.failNotEquals(Assert.java:496)
	at org.testng.Assert.assertEquals(Assert.java:125)
	at org.testng.Assert.assertEquals(Assert.java:288)
	at org.testng.Assert.assertEquals(Assert.java:298)
	at loginTest.bAppTest.bingSearchTest1(bAppTest.java:60)
</failure>
    <system-out>*******************
launching Chrome browser
</system-out>
    <system-err>Starting ChromeDriver 2.21.371459 (36d3d07f660ff2bc1bf28a75d1cdabed0983e7c4) on port 41383
Only local connections are allowed.
</system-err>
  </testcase>
  <testcase time="14.406" classname="loginTest.cAppTest" name="bingSearchTest2"/>
  <testcase time="274.174" classname="loginTest.eLoginPageTest" name="parameterTestData"/>
  <testcase time="12.187" classname="loginTest.loginTest" name="app_Test"/>
  <testcase time="15.143" classname="loginTest.loginTest" name="app_gmailAccountTest"/>
</testsuite>